<?xml version="1.0" encoding="UTF-8"?>
<!-- Generated by org.testng.reporters.JUnitReportReporter -->
<testsuite skipped="0" hostname="LAPTOP-5EGJT544" name="firmLead_TechnicalInterview.LoginPage_ForgetPass" tests="2" failures="0" timestamp="2020-11-19T17:08:27 EST" time="0.883" errors="0">
  <testcase name="Forget_Password_Linkfunctionality" time="0.553" classname="firmLead_TechnicalInterview.LoginPage_ForgetPass"/>
  <system-out/>
  <testcase name="Forget_Password_funct" time="0.330" classname="firmLead_TechnicalInterview.LoginPage_ForgetPass"/>
  <system-out/>
</testsuite> <!-- firmLead_TechnicalInterview.LoginPage_ForgetPass -->
