<?xml version="1.0" encoding="UTF-8"?>
<!-- Generated by org.testng.reporters.JUnitReportReporter -->
<testsuite skipped="0" hostname="LAPTOP-5EGJT544" name="firmLead_TechnicalInterview.LoginPage_Create_an_Account" tests="8" failures="1" timestamp="2020-11-19T17:08:27 EST" time="6.433" errors="0">
  <testcase name="LoginPage_CreateAnAccount_001_Clicking_link" time="0.508" classname="firmLead_TechnicalInterview.LoginPage_Create_an_Account"/>
  <system-out/>
  <testcase name="LoginPage_CreateAnAccount_002_Valid_FirstName_LastName_Email" time="0.948" classname="firmLead_TechnicalInterview.LoginPage_Create_an_Account">
    <failure type="java.lang.AssertionError" message="did not expect [https://demo.combyne.ag/onboard/details] but found [https://demo.combyne.ag/onboard/details]">
      <![CDATA[java.lang.AssertionError: did not expect [https://demo.combyne.ag/onboard/details] but found [https://demo.combyne.ag/onboard/details]
at org.testng.Assert.fail(Assert.java:97)
at org.testng.Assert.assertNotEquals(Assert.java:1404)
at org.testng.Assert.assertNotEquals(Assert.java:1409)
at firmLead_TechnicalInterview.LoginPage_Create_an_Account.LoginPage_CreateAnAccount_002_Valid_FirstName_LastName_Email(LoginPage_Create_an_Account.java:95)
at sun.reflect.NativeMethodAccessorImpl.invoke0(Native Method)
at sun.reflect.NativeMethodAccessorImpl.invoke(Unknown Source)
at sun.reflect.DelegatingMethodAccessorImpl.invoke(Unknown Source)
at java.lang.reflect.Method.invoke(Unknown Source)
at org.testng.internal.MethodInvocationHelper.invokeMethod(MethodInvocationHelper.java:135)
at org.testng.internal.TestInvoker.invokeMethod(TestInvoker.java:598)
at org.testng.internal.TestInvoker.invokeTestMethod(TestInvoker.java:174)
at org.testng.internal.MethodRunner.runInSequence(MethodRunner.java:46)
at org.testng.internal.TestInvoker$MethodInvocationAgent.invoke(TestInvoker.java:821)
at org.testng.internal.TestInvoker.invokeTestMethods(TestInvoker.java:147)
at org.testng.internal.TestMethodWorker.invokeTestMethods(TestMethodWorker.java:146)
at org.testng.internal.TestMethodWorker.run(TestMethodWorker.java:128)
at java.util.ArrayList.forEach(Unknown Source)
at org.testng.TestRunner.privateRun(TestRunner.java:767)
at org.testng.TestRunner.run(TestRunner.java:588)
at org.testng.SuiteRunner.runTest(SuiteRunner.java:384)
at org.testng.SuiteRunner.runSequentially(SuiteRunner.java:378)
at org.testng.SuiteRunner.privateRun(SuiteRunner.java:337)
at org.testng.SuiteRunner.run(SuiteRunner.java:286)
at org.testng.SuiteRunnerWorker.runSuite(SuiteRunnerWorker.java:53)
at org.testng.SuiteRunnerWorker.run(SuiteRunnerWorker.java:96)
at org.testng.TestNG.runSuitesSequentially(TestNG.java:1214)
at org.testng.TestNG.runSuitesLocally(TestNG.java:1136)
at org.testng.TestNG.runSuites(TestNG.java:1066)
at org.testng.TestNG.run(TestNG.java:1034)
at org.testng.remote.AbstractRemoteTestNG.run(AbstractRemoteTestNG.java:115)
at org.testng.remote.RemoteTestNG.initAndRun(RemoteTestNG.java:251)
at org.testng.remote.RemoteTestNG.main(RemoteTestNG.java:77)
]]>
    </failure>
  </testcase> <!-- LoginPage_CreateAnAccount_002_Valid_FirstName_LastName_Email -->
  <system-out/>
  <testcase name="LoginPage_CreateAnAccount_003_Valid_FirstName_validEmail" time="0.987" classname="firmLead_TechnicalInterview.LoginPage_Create_an_Account"/>
  <system-out/>
  <testcase name="LoginPage_CreateAnAccount_004_Valid_FirstName_validlastname" time="0.897" classname="firmLead_TechnicalInterview.LoginPage_Create_an_Account"/>
  <system-out/>
  <testcase name="LoginPage_CreateAnAccount_005_NoCredentials" time="0.857" classname="firmLead_TechnicalInterview.LoginPage_Create_an_Account"/>
  <system-out/>
  <testcase name="LoginPage_CreateAnAccount_006_FirstName" time="0.625" classname="firmLead_TechnicalInterview.LoginPage_Create_an_Account"/>
  <system-out/>
  <testcase name="LoginPage_CreateAnAccount_007_LastName" time="0.653" classname="firmLead_TechnicalInterview.LoginPage_Create_an_Account"/>
  <system-out/>
  <testcase name="LoginPage_CreateAnAccount_008_Email" time="0.958" classname="firmLead_TechnicalInterview.LoginPage_Create_an_Account"/>
  <system-out/>
</testsuite> <!-- firmLead_TechnicalInterview.LoginPage_Create_an_Account -->
